  [1m[35m (0.1ms)[0m  [1m[34mSELECT sqlite_version(*)[0m
  ↳ bin/rails:9
  [1m[35m (1.2ms)[0m  [1m[35mCREATE TABLE "schema_migrations" ("version" varchar NOT NULL PRIMARY KEY)[0m
  ↳ bin/rails:9
  [1m[35m (1.1ms)[0m  [1m[35mCREATE TABLE "ar_internal_metadata" ("key" varchar NOT NULL PRIMARY KEY, "value" varchar, "created_at" datetime NOT NULL, "updated_at" datetime NOT NULL)[0m
  ↳ bin/rails:9
  [1m[35m (0.1ms)[0m  [1m[34mSELECT "schema_migrations"."version" FROM "schema_migrations" ORDER BY "schema_migrations"."version" ASC[0m
  ↳ bin/rails:9
Migrating to CreateProducts (20180907195639)
  [1m[35m (0.1ms)[0m  [1m[36mbegin transaction[0m
  ↳ bin/rails:9
  [1m[35m (0.4ms)[0m  [1m[35mCREATE TABLE "products" ("id" integer PRIMARY KEY AUTOINCREMENT NOT NULL, "title" varchar, "description" text, "image_url" varchar, "price" decimal(8,2), "created_at" datetime NOT NULL, "updated_at" datetime NOT NULL)[0m
  ↳ db/migrate/20180907195639_create_products.rb:3
  [1m[36mActiveRecord::SchemaMigration Create (0.2ms)[0m  [1m[32mINSERT INTO "schema_migrations" ("version") VALUES (?)[0m  [["version", "20180907195639"]]
  ↳ bin/rails:9
  [1m[35m (0.8ms)[0m  [1m[36mcommit transaction[0m
  ↳ bin/rails:9
  [1m[36mActiveRecord::InternalMetadata Load (0.2ms)[0m  [1m[34mSELECT  "ar_internal_metadata".* FROM "ar_internal_metadata" WHERE "ar_internal_metadata"."key" = ? LIMIT ?[0m  [["key", "environment"], ["LIMIT", 1]]
  ↳ bin/rails:9
  [1m[35m (0.1ms)[0m  [1m[36mbegin transaction[0m
  ↳ bin/rails:9
  [1m[36mActiveRecord::InternalMetadata Create (0.3ms)[0m  [1m[32mINSERT INTO "ar_internal_metadata" ("key", "value", "created_at", "updated_at") VALUES (?, ?, ?, ?)[0m  [["key", "environment"], ["value", "development"], ["created_at", "2018-09-07 19:58:26.500626"], ["updated_at", "2018-09-07 19:58:26.500626"]]
  ↳ bin/rails:9
  [1m[35m (0.8ms)[0m  [1m[36mcommit transaction[0m
  ↳ bin/rails:9
  [1m[35m (0.2ms)[0m  [1m[34mSELECT "schema_migrations"."version" FROM "schema_migrations" ORDER BY "schema_migrations"."version" ASC[0m
  ↳ bin/rails:9
Started GET "/" for 127.0.0.1 at 2018-09-07 13:08:14 -0700
  [1m[35m (0.1ms)[0m  [1m[34mSELECT "schema_migrations"."version" FROM "schema_migrations" ORDER BY "schema_migrations"."version" ASC[0m
  ↳ /Users/rubythree/.rvm/gems/ruby-2.5.1/gems/activerecord-5.2.1/lib/active_record/log_subscriber.rb:98
Processing by Rails::WelcomeController#index as HTML
  Rendering /Users/rubythree/.rvm/gems/ruby-2.5.1/gems/railties-5.2.1/lib/rails/templates/rails/welcome/index.html.erb
  Rendered /Users/rubythree/.rvm/gems/ruby-2.5.1/gems/railties-5.2.1/lib/rails/templates/rails/welcome/index.html.erb (6.4ms)
Completed 200 OK in 37ms (Views: 23.5ms | ActiveRecord: 0.0ms)


  [1m[35m (0.1ms)[0m  [1m[34mSELECT "schema_migrations"."version" FROM "schema_migrations" ORDER BY "schema_migrations"."version" ASC[0m
  ↳ bin/rails:9
  [1m[36mProduct Destroy (4.8ms)[0m  [1m[31mDELETE FROM "products"[0m
  ↳ db/seeds.rb:17
  [1m[35m (0.1ms)[0m  [1m[36mbegin transaction[0m
  ↳ db/seeds.rb:18
  [1m[36mProduct Create (0.4ms)[0m  [1m[32mINSERT INTO "products" ("title", "description", "image_url", "price", "created_at", "updated_at") VALUES (?, ?, ?, ?, ?, ?)[0m  [["title", "Rails, Angular, Postgres, and Bootstrap"], ["description", "<p>\n      <em>Powerful, Effective, and Efficient Full-Stack Web Development</em>\n      As a Rails developer, you care about user experience and performance,\n      but you also want simple and maintainable code. Achieve all that by\n      embracing the full stack of web development, from styling with\n      Bootstrap, building an interactive user interface with AngularJS, to\n      storing data quickly and reliably in PostgreSQL. Take a holistic view of\n      full-stack development to create usable, high-performing applications,\n      and learn to use these technologies effectively in a Ruby on Rails\n      environment.\n      </p>"], ["image_url", "dcbang.jpg"], ["price", 45.0], ["created_at", "2018-09-07 20:53:10.677697"], ["updated_at", "2018-09-07 20:53:10.677697"]]
  ↳ db/seeds.rb:18
  [1m[35m (0.9ms)[0m  [1m[36mcommit transaction[0m
  ↳ db/seeds.rb:18
  [1m[35m (0.1ms)[0m  [1m[36mbegin transaction[0m
  ↳ db/seeds.rb:34
  [1m[36mProduct Create (0.4ms)[0m  [1m[32mINSERT INTO "products" ("title", "description", "image_url", "price", "created_at", "updated_at") VALUES (?, ?, ?, ?, ?, ?)[0m  [["title", "Seven Mobile Apps in Seven Weeks"], ["description", "<p>\n      <em>Native Apps, Multiple Platforms</em>\n      Answer the question “Can we build this for ALL the devices?” with a\n      resounding YES. This book will help you get there with a real-world\n      introduction to seven platforms, whether you’re new to mobile or an\n      experienced developer needing to expand your options. Plus, you’ll find\n      out which cross-platform solution makes the most sense for your needs.\n      </p>"], ["image_url", "7apps.jpg"], ["price", 26.0], ["created_at", "2018-09-07 20:53:10.681195"], ["updated_at", "2018-09-07 20:53:10.681195"]]
  ↳ db/seeds.rb:34
  [1m[35m (0.9ms)[0m  [1m[36mcommit transaction[0m
  ↳ db/seeds.rb:34
  [1m[35m (0.1ms)[0m  [1m[36mbegin transaction[0m
  ↳ db/seeds.rb:48
  [1m[36mProduct Create (0.4ms)[0m  [1m[32mINSERT INTO "products" ("title", "description", "image_url", "price", "created_at", "updated_at") VALUES (?, ?, ?, ?, ?, ?)[0m  [["title", "Ruby Performance Optimization"], ["description", "<p>\n      <em>Why Ruby Is Slow, and How to Fix It</em>\n      You don’t have to accept slow Ruby or Rails performance. In this\n      comprehensive guide to Ruby optimization, you’ll learn how to write\n      faster Ruby code—but that’s just the beginning. See exactly what makes\n      Ruby and Rails code slow, and how to fix it. Alex Dymo will guide you\n      through perils of memory and CPU optimization, profiling, measuring,\n      performance testing, garbage collection, and tuning. You’ll find that\n      all those “hard” things aren’t so difficult after all, and your code\n      will run orders of magnitude faster.\n      </p>"], ["image_url", "adrpo.jpg"], ["price", 46.0], ["created_at", "2018-09-07 20:53:10.684359"], ["updated_at", "2018-09-07 20:53:10.684359"]]
  ↳ db/seeds.rb:48
  [1m[35m (0.8ms)[0m  [1m[36mcommit transaction[0m
  ↳ db/seeds.rb:48
Started GET "/products" for 127.0.0.1 at 2018-09-07 14:38:23 -0700
Processing by ProductsController#index as HTML
  Rendering products/index.html.erb within layouts/application
  [1m[36mProduct Load (0.2ms)[0m  [1m[34mSELECT "products".* FROM "products"[0m
  ↳ app/views/products/index.html.erb:16
  Rendered products/index.html.erb within layouts/application (158.9ms)
Completed 500 Internal Server Error in 169ms (ActiveRecord: 0.7ms)


  
ActionView::Template::Error (The asset "dcbang.jpg" is not present in the asset pipeline.):
    17:       <tr class="<%= cycle('list_line_odd', 'list_line_even') %>">
    18: 
    19:         <td class="image">
    20:           <%= image_tag(product.image_url, class: 'list_image') %>
    21:         </td>
    22: 
    23:         <td class="description">
  
app/views/products/index.html.erb:20:in `block in _app_views_products_index_html_erb__748793637139089991_70174901079200'
app/views/products/index.html.erb:16:in `_app_views_products_index_html_erb__748793637139089991_70174901079200'
Started GET "/products" for 127.0.0.1 at 2018-09-07 14:42:04 -0700
Processing by ProductsController#index as HTML
  Rendering products/index.html.erb within layouts/application
  [1m[36mProduct Load (0.2ms)[0m  [1m[34mSELECT "products".* FROM "products"[0m
  ↳ app/views/products/index.html.erb:16
  Rendered products/index.html.erb within layouts/application (138.3ms)
Completed 200 OK in 178ms (Views: 175.9ms | ActiveRecord: 0.2ms)


Started GET "/" for 127.0.0.1 at 2018-09-10 09:58:51 -0700
  [1m[35m (0.5ms)[0m  [1m[34mSELECT "schema_migrations"."version" FROM "schema_migrations" ORDER BY "schema_migrations"."version" ASC[0m
  ↳ /Users/rubythree/.rvm/gems/ruby-2.5.1/gems/activerecord-5.2.1/lib/active_record/log_subscriber.rb:98
Processing by Rails::WelcomeController#index as HTML
  Rendering /Users/rubythree/.rvm/gems/ruby-2.5.1/gems/railties-5.2.1/lib/rails/templates/rails/welcome/index.html.erb
  Rendered /Users/rubythree/.rvm/gems/ruby-2.5.1/gems/railties-5.2.1/lib/rails/templates/rails/welcome/index.html.erb (2.5ms)
Completed 200 OK in 20ms (Views: 6.8ms | ActiveRecord: 0.0ms)


Started GET "/products" for 127.0.0.1 at 2018-09-10 09:58:55 -0700
Processing by ProductsController#index as HTML
Completed 500 Internal Server Error in 4ms (ActiveRecord: 0.0ms)


  
ArgumentError (Range unspecified. Specify the :in, :within, :maximum, :minimum, or :is option.):
  
app/models/product.rb:4:in `<class:Product>'
app/models/product.rb:1:in `<main>'
app/controllers/products_controller.rb:7:in `index'
Started GET "/products" for 127.0.0.1 at 2018-09-10 10:00:46 -0700
Processing by ProductsController#index as HTML
  Rendering products/index.html.erb within layouts/application
  [1m[36mProduct Load (95.9ms)[0m  [1m[34mSELECT "products".* FROM "products"[0m
  ↳ app/views/products/index.html.erb:16
  Rendered products/index.html.erb within layouts/application (292.2ms)
Completed 200 OK in 343ms (Views: 242.5ms | ActiveRecord: 96.6ms)


Started GET "/products/new" for 127.0.0.1 at 2018-09-10 10:00:48 -0700
Processing by ProductsController#new as HTML
  Rendering products/new.html.erb within layouts/application
  Rendered products/_form.html.erb (7.3ms)
  Rendered products/new.html.erb within layouts/application (9.3ms)
Completed 200 OK in 29ms (Views: 25.7ms | ActiveRecord: 0.0ms)


Started POST "/products" for 127.0.0.1 at 2018-09-10 10:00:57 -0700
Processing by ProductsController#create as HTML
  Parameters: {"utf8"=>"✓", "authenticity_token"=>"7viDmcEvV0F+BmvKp184U2eDqemh/gTN+VpEBdmq1q16FRVxNqbSgYdzSIOlhCdWvBcXL+C0eZ3S6/AlkD0nVQ==", "product"=>{"title"=>"sdfsd", "description"=>"sggasfgsag", "image_url"=>"https://store.storeimages.cdn-apple.com/4981/as-images.apple.com/is/image/AppleInc/aos/published/images/i/ph/iphone/x/iphone-x-select-2017?wid=189&hei=376&fmt=png-alpha&.v=1504378258086", "price"=>"78"}, "commit"=>"Create Product"}
  [1m[35m (0.1ms)[0m  [1m[36mbegin transaction[0m
  ↳ app/controllers/products_controller.rb:30
  [1m[36mProduct Exists (0.1ms)[0m  [1m[34mSELECT  1 AS one FROM "products" WHERE "products"."title" = ? LIMIT ?[0m  [["title", "sdfsd"], ["LIMIT", 1]]
  ↳ app/controllers/products_controller.rb:30
  [1m[35m (0.0ms)[0m  [1m[31mrollback transaction[0m
  ↳ app/controllers/products_controller.rb:30
  Rendering products/new.html.erb within layouts/application
  Rendered products/_form.html.erb (2.5ms)
  Rendered products/new.html.erb within layouts/application (5.1ms)
Completed 200 OK in 25ms (Views: 21.0ms | ActiveRecord: 0.2ms)


Started GET "/products" for 127.0.0.1 at 2018-09-10 10:01:05 -0700
Processing by ProductsController#index as HTML
  Rendering products/index.html.erb within layouts/application
  [1m[36mProduct Load (0.2ms)[0m  [1m[34mSELECT "products".* FROM "products"[0m
  ↳ app/views/products/index.html.erb:16
  Rendered products/index.html.erb within layouts/application (5.6ms)
Completed 200 OK in 25ms (Views: 22.7ms | ActiveRecord: 0.2ms)


Started GET "/products" for 127.0.0.1 at 2018-09-10 10:09:00 -0700
Processing by ProductsController#index as HTML
Completed 500 Internal Server Error in 5ms (ActiveRecord: 0.0ms)


  
ArgumentError (Unknown validator: 'MessageValidator'):
  
app/models/product.rb:4:in `<class:Product>'
app/models/product.rb:1:in `<main>'
app/controllers/products_controller.rb:7:in `index'
Started GET "/products" for 127.0.0.1 at 2018-09-10 10:09:45 -0700
Processing by ProductsController#index as HTML
Completed 500 Internal Server Error in 4ms (ActiveRecord: 0.0ms)


  
ArgumentError (Unknown validator: 'MessageValidator'):
  
app/models/product.rb:4:in `<class:Product>'
app/models/product.rb:1:in `<main>'
app/controllers/products_controller.rb:7:in `index'
Started GET "/products" for 127.0.0.1 at 2018-09-10 10:13:20 -0700
Processing by ProductsController#index as HTML
  Rendering products/index.html.erb within layouts/application
  [1m[36mProduct Load (0.2ms)[0m  [1m[34mSELECT "products".* FROM "products"[0m
  ↳ app/views/products/index.html.erb:16
  Rendered products/index.html.erb within layouts/application (11.8ms)
Completed 200 OK in 33ms (Views: 28.4ms | ActiveRecord: 0.8ms)


Started GET "/products/new" for 127.0.0.1 at 2018-09-10 10:13:21 -0700
Processing by ProductsController#new as HTML
  Rendering products/new.html.erb within layouts/application
  Rendered products/_form.html.erb (2.3ms)
  Rendered products/new.html.erb within layouts/application (4.1ms)
Completed 200 OK in 25ms (Views: 21.7ms | ActiveRecord: 0.0ms)


Started POST "/products" for 127.0.0.1 at 2018-09-10 10:13:27 -0700
Processing by ProductsController#create as HTML
  Parameters: {"utf8"=>"✓", "authenticity_token"=>"9FEIGOPepdo/w9qTP3cZq53ZkUV5Y3eQJyMh3yx6HC5gvJ7wFFcgGsa2+do9rAauRk0vgzgpCsAMkpX/Ze3t1g==", "product"=>{"title"=>"iphone", "description"=>"sgfsgfg", "image_url"=>"https://store.storeimages.cdn-apple.com/4981/as-images.apple.com/is/image/AppleInc/aos/published/images/i/ph/iphone/x/iphone-x-select-2017?wid=189&hei=376&fmt=png-alpha&.v=1504378258086", "price"=>"65"}, "commit"=>"Create Product"}
  [1m[35m (0.1ms)[0m  [1m[36mbegin transaction[0m
  ↳ app/controllers/products_controller.rb:30
  [1m[36mProduct Exists (0.1ms)[0m  [1m[34mSELECT  1 AS one FROM "products" WHERE "products"."title" = ? LIMIT ?[0m  [["title", "iphone"], ["LIMIT", 1]]
  ↳ app/controllers/products_controller.rb:30
  [1m[35m (0.0ms)[0m  [1m[31mrollback transaction[0m
  ↳ app/controllers/products_controller.rb:30
  Rendering products/new.html.erb within layouts/application
  Rendered products/_form.html.erb (2.3ms)
  Rendered products/new.html.erb within layouts/application (4.3ms)
Completed 200 OK in 26ms (Views: 21.9ms | ActiveRecord: 0.2ms)


Started GET "/products" for 127.0.0.1 at 2018-09-10 10:14:06 -0700
Processing by ProductsController#index as HTML
  Rendering products/index.html.erb within layouts/application
  [1m[36mProduct Load (0.2ms)[0m  [1m[34mSELECT "products".* FROM "products"[0m
  ↳ app/views/products/index.html.erb:16
  Rendered products/index.html.erb within layouts/application (6.1ms)
Completed 200 OK in 26ms (Views: 23.7ms | ActiveRecord: 0.2ms)


Started GET "/store/index" for 127.0.0.1 at 2018-09-10 10:22:32 -0700
Processing by StoreController#index as HTML
  Rendering store/index.html.erb within layouts/application
  Rendered store/index.html.erb within layouts/application (0.3ms)
Completed 200 OK in 73ms (Views: 71.1ms | ActiveRecord: 0.0ms)


Started GET "/" for 127.0.0.1 at 2018-09-10 10:31:47 -0700
Processing by StoreController#index as HTML
  Rendering store/index.html.erb within layouts/application
  Rendered store/index.html.erb within layouts/application (0.3ms)
Completed 200 OK in 22ms (Views: 19.5ms | ActiveRecord: 0.0ms)


Started GET "/" for 127.0.0.1 at 2018-09-10 10:34:09 -0700
Processing by StoreController#index as HTML
  Rendering store/index.html.erb within layouts/application
  [1m[36mProduct Load (0.2ms)[0m  [1m[34mSELECT "products".* FROM "products" ORDER BY "products"."title" ASC[0m
  ↳ app/views/store/index.html.erb:8
  Rendered store/index.html.erb within layouts/application (10.8ms)
Completed 200 OK in 34ms (Views: 30.1ms | ActiveRecord: 0.6ms)


Started GET "/" for 127.0.0.1 at 2018-09-10 10:37:26 -0700
Processing by StoreController#index as HTML
  Rendering store/index.html.erb within layouts/application
  [1m[36mProduct Load (0.2ms)[0m  [1m[34mSELECT "products".* FROM "products" ORDER BY "products"."title" ASC[0m
  ↳ app/views/store/index.html.erb:8
  Rendered store/index.html.erb within layouts/application (4.6ms)
Completed 200 OK in 42ms (Views: 39.6ms | ActiveRecord: 0.2ms)


Started GET "/" for 127.0.0.1 at 2018-09-10 11:04:10 -0700
Processing by StoreController#index as HTML
  Rendering store/index.html.erb within layouts/application
  [1m[36mProduct Load (0.1ms)[0m  [1m[34mSELECT "products".* FROM "products" ORDER BY "products"."title" ASC[0m
  ↳ app/views/store/index.html.erb:8
  Rendered store/index.html.erb within layouts/application (4.1ms)
Completed 200 OK in 25ms (Views: 23.2ms | ActiveRecord: 0.1ms)


Started GET "/" for 127.0.0.1 at 2018-09-10 11:26:58 -0700
Processing by StoreController#index as HTML
  Rendering store/index.html.erb within layouts/application
  [1m[36mProduct Load (0.2ms)[0m  [1m[34mSELECT "products".* FROM "products" ORDER BY "products"."title" ASC[0m
  ↳ app/views/store/index.html.erb:8
  Rendered store/index.html.erb within layouts/application (3.9ms)
Completed 200 OK in 65ms (Views: 62.6ms | ActiveRecord: 0.2ms)


Started GET "/" for 127.0.0.1 at 2018-09-10 11:35:04 -0700
Processing by StoreController#index as HTML
  Rendering store/index.html.erb within layouts/application
  [1m[36mProduct Load (0.1ms)[0m  [1m[34mSELECT "products".* FROM "products" ORDER BY "products"."title" ASC[0m
  ↳ app/views/store/index.html.erb:8
  Rendered store/index.html.erb within layouts/application (40.8ms)
Completed 200 OK in 61ms (Views: 59.3ms | ActiveRecord: 0.1ms)


Started GET "/" for 127.0.0.1 at 2018-09-10 11:52:47 -0700
  [1m[35m (0.2ms)[0m  [1m[34mSELECT "schema_migrations"."version" FROM "schema_migrations" ORDER BY "schema_migrations"."version" ASC[0m
  ↳ /Users/rubythree/.rvm/gems/ruby-2.5.1/gems/activerecord-5.2.1/lib/active_record/log_subscriber.rb:98
Processing by StoreController#index as HTML
  Rendering store/index.html.erb within layouts/application
  [1m[36mProduct Load (0.3ms)[0m  [1m[34mSELECT "products".* FROM "products" ORDER BY "products"."title" ASC[0m
  ↳ app/views/store/index.html.erb:9
  Rendered store/index.html.erb within layouts/application (206.3ms)
Completed 200 OK in 240ms (Views: 227.0ms | ActiveRecord: 1.0ms)


Started GET "/" for 127.0.0.1 at 2018-09-10 11:52:49 -0700
Processing by StoreController#index as HTML
  Rendering store/index.html.erb within layouts/application
  [1m[36mProduct Load (0.2ms)[0m  [1m[34mSELECT "products".* FROM "products" ORDER BY "products"."title" ASC[0m
  ↳ app/views/store/index.html.erb:9
  Rendered store/index.html.erb within layouts/application (4.9ms)
Completed 200 OK in 25ms (Views: 23.1ms | ActiveRecord: 0.2ms)


Started GET "/" for 127.0.0.1 at 2018-09-10 11:53:05 -0700
Processing by StoreController#index as HTML
  Rendering store/index.html.erb within layouts/application
  [1m[36mProduct Load (0.2ms)[0m  [1m[34mSELECT "products".* FROM "products" ORDER BY "products"."title" ASC[0m
  ↳ app/views/store/index.html.erb:9
  Rendered store/index.html.erb within layouts/application (10.5ms)
Completed 200 OK in 32ms (Views: 28.2ms | ActiveRecord: 0.7ms)


Started GET "/" for 127.0.0.1 at 2018-09-10 11:54:27 -0700
Processing by StoreController#index as HTML
  Rendering store/index.html.erb within layouts/application
  [1m[36mProduct Load (0.2ms)[0m  [1m[34mSELECT "products".* FROM "products" ORDER BY "products"."title" ASC[0m
  ↳ app/views/store/index.html.erb:9
  Rendered store/index.html.erb within layouts/application (26.7ms)
Completed 200 OK in 51ms (Views: 47.0ms | ActiveRecord: 0.7ms)


Started GET "/" for 127.0.0.1 at 2018-09-10 11:55:16 -0700
Processing by StoreController#index as HTML
  Rendering store/index.html.erb within layouts/application
  [1m[36mProduct Load (0.2ms)[0m  [1m[34mSELECT "products".* FROM "products" ORDER BY "products"."title" ASC[0m
  ↳ app/views/store/index.html.erb:9
  Rendered store/index.html.erb within layouts/application (12.5ms)
Completed 200 OK in 39ms (Views: 34.5ms | ActiveRecord: 0.8ms)


Started GET "/" for 127.0.0.1 at 2018-09-10 11:55:35 -0700
Processing by StoreController#index as HTML
  Rendering store/index.html.erb within layouts/application
  [1m[36mProduct Load (0.2ms)[0m  [1m[34mSELECT "products".* FROM "products" ORDER BY "products"."title" ASC[0m
  ↳ app/views/store/index.html.erb:9
  Rendered store/index.html.erb within layouts/application (19.0ms)
Completed 200 OK in 48ms (Views: 43.0ms | ActiveRecord: 0.7ms)


Started GET "/products" for 127.0.0.1 at 2018-09-10 12:06:48 -0700
Processing by ProductsController#index as HTML
  Rendering products/index.html.erb within layouts/application
  [1m[36mProduct Load (0.2ms)[0m  [1m[34mSELECT "products".* FROM "products"[0m
  ↳ app/views/products/index.html.erb:16
  Rendered products/index.html.erb within layouts/application (8.3ms)
Completed 200 OK in 44ms (Views: 41.1ms | ActiveRecord: 0.2ms)


Started GET "/products/new" for 127.0.0.1 at 2018-09-10 12:06:51 -0700
Processing by ProductsController#new as HTML
  Rendering products/new.html.erb within layouts/application
  Rendered products/_form.html.erb (4.8ms)
  Rendered products/new.html.erb within layouts/application (7.1ms)
Completed 200 OK in 30ms (Views: 27.1ms | ActiveRecord: 0.0ms)


Started GET "/products" for 127.0.0.1 at 2018-09-10 12:07:03 -0700
Processing by ProductsController#index as HTML
  Rendering products/index.html.erb within layouts/application
  [1m[36mProduct Load (0.2ms)[0m  [1m[34mSELECT "products".* FROM "products"[0m
  ↳ app/views/products/index.html.erb:16
  Rendered products/index.html.erb within layouts/application (7.4ms)
Completed 200 OK in 29ms (Views: 26.8ms | ActiveRecord: 0.2ms)


Started GET "/products/1" for 127.0.0.1 at 2018-09-10 12:07:05 -0700
Processing by ProductsController#show as HTML
  Parameters: {"id"=>"1"}
  [1m[36mProduct Load (0.2ms)[0m  [1m[34mSELECT  "products".* FROM "products" WHERE "products"."id" = ? LIMIT ?[0m  [["id", 1], ["LIMIT", 1]]
  ↳ app/controllers/products_controller.rb:68
  Rendering products/show.html.erb within layouts/application
  Rendered products/show.html.erb within layouts/application (0.7ms)
Completed 200 OK in 24ms (Views: 20.1ms | ActiveRecord: 0.2ms)


  [1m[35m (0.1ms)[0m  [1m[34mSELECT "schema_migrations"."version" FROM "schema_migrations" ORDER BY "schema_migrations"."version" ASC[0m
  ↳ bin/rails:9
Migrating to CreateCarts (20180910191323)
  [1m[35m (0.1ms)[0m  [1m[36mbegin transaction[0m
  ↳ bin/rails:9
  [1m[35m (0.1ms)[0m  [1m[34mSELECT sqlite_version(*)[0m
  ↳ db/migrate/20180910191323_create_carts.rb:3
  [1m[35m (0.4ms)[0m  [1m[35mCREATE TABLE "carts" ("id" integer PRIMARY KEY AUTOINCREMENT NOT NULL, "created_at" datetime NOT NULL, "updated_at" datetime NOT NULL)[0m
  ↳ db/migrate/20180910191323_create_carts.rb:3
  [1m[36mActiveRecord::SchemaMigration Create (0.6ms)[0m  [1m[32mINSERT INTO "schema_migrations" ("version") VALUES (?)[0m  [["version", "20180910191323"]]
  ↳ bin/rails:9
  [1m[35m (0.8ms)[0m  [1m[36mcommit transaction[0m
  ↳ bin/rails:9
  [1m[36mActiveRecord::InternalMetadata Load (1.0ms)[0m  [1m[34mSELECT  "ar_internal_metadata".* FROM "ar_internal_metadata" WHERE "ar_internal_metadata"."key" = ? LIMIT ?[0m  [["key", "environment"], ["LIMIT", 1]]
  ↳ bin/rails:9
  [1m[35m (0.1ms)[0m  [1m[36mbegin transaction[0m
  ↳ bin/rails:9
  [1m[35m (0.0ms)[0m  [1m[36mcommit transaction[0m
  ↳ bin/rails:9
  [1m[35m (0.1ms)[0m  [1m[34mSELECT "schema_migrations"."version" FROM "schema_migrations" ORDER BY "schema_migrations"."version" ASC[0m
  ↳ bin/rails:9
  [1m[35m (0.2ms)[0m  [1m[34mSELECT "schema_migrations"."version" FROM "schema_migrations" ORDER BY "schema_migrations"."version" ASC[0m
  ↳ bin/rails:9
Migrating to CreateLineItems (20180910191806)
  [1m[35m (0.1ms)[0m  [1m[36mbegin transaction[0m
  ↳ bin/rails:9
  [1m[35m (0.1ms)[0m  [1m[34mSELECT sqlite_version(*)[0m
  ↳ db/migrate/20180910191806_create_line_items.rb:3
  [1m[35m (0.5ms)[0m  [1m[35mCREATE TABLE "line_items" ("id" integer PRIMARY KEY AUTOINCREMENT NOT NULL, "product_id" integer, "cart_id" integer, "created_at" datetime NOT NULL, "updated_at" datetime NOT NULL, CONSTRAINT "fk_rails_11e15d5c6b"
FOREIGN KEY ("product_id")
  REFERENCES "products" ("id")
, CONSTRAINT "fk_rails_af645e8e5f"
FOREIGN KEY ("cart_id")
  REFERENCES "carts" ("id")
)[0m
  ↳ db/migrate/20180910191806_create_line_items.rb:3
  [1m[35m (0.1ms)[0m  [1m[35mCREATE  INDEX "index_line_items_on_product_id" ON "line_items" ("product_id")[0m
  ↳ db/migrate/20180910191806_create_line_items.rb:3
  [1m[35m (0.1ms)[0m  [1m[35mCREATE  INDEX "index_line_items_on_cart_id" ON "line_items" ("cart_id")[0m
  ↳ db/migrate/20180910191806_create_line_items.rb:3
  [1m[36mActiveRecord::SchemaMigration Create (0.2ms)[0m  [1m[32mINSERT INTO "schema_migrations" ("version") VALUES (?)[0m  [["version", "20180910191806"]]
  ↳ bin/rails:9
  [1m[35m (1.1ms)[0m  [1m[36mcommit transaction[0m
  ↳ bin/rails:9
  [1m[36mActiveRecord::InternalMetadata Load (0.2ms)[0m  [1m[34mSELECT  "ar_internal_metadata".* FROM "ar_internal_metadata" WHERE "ar_internal_metadata"."key" = ? LIMIT ?[0m  [["key", "environment"], ["LIMIT", 1]]
  ↳ bin/rails:9
  [1m[35m (0.0ms)[0m  [1m[36mbegin transaction[0m
  ↳ bin/rails:9
  [1m[35m (0.0ms)[0m  [1m[36mcommit transaction[0m
  ↳ bin/rails:9
  [1m[35m (0.1ms)[0m  [1m[34mSELECT "schema_migrations"."version" FROM "schema_migrations" ORDER BY "schema_migrations"."version" ASC[0m
  ↳ bin/rails:9
Started GET "/products/1" for 127.0.0.1 at 2018-09-10 12:47:04 -0700
  [1m[35m (0.1ms)[0m  [1m[34mSELECT "schema_migrations"."version" FROM "schema_migrations" ORDER BY "schema_migrations"."version" ASC[0m
  ↳ /Users/rubythree/.rvm/gems/ruby-2.5.1/gems/activerecord-5.2.1/lib/active_record/log_subscriber.rb:98
Processing by ProductsController#show as HTML
  Parameters: {"id"=>"1"}
  [1m[36mProduct Load (0.2ms)[0m  [1m[34mSELECT  "products".* FROM "products" WHERE "products"."id" = ? LIMIT ?[0m  [["id", 1], ["LIMIT", 1]]
  ↳ app/controllers/products_controller.rb:68
  Rendering products/show.html.erb within layouts/application
  Rendered products/show.html.erb within layouts/application (0.8ms)
Completed 200 OK in 107ms (Views: 91.6ms | ActiveRecord: 0.9ms)


Started GET "/" for 127.0.0.1 at 2018-09-10 12:47:06 -0700
Processing by StoreController#index as HTML
  Rendering store/index.html.erb within layouts/application
  [1m[36mProduct Load (0.2ms)[0m  [1m[34mSELECT "products".* FROM "products" ORDER BY "products"."title" ASC[0m
  ↳ app/views/store/index.html.erb:9
  Rendered store/index.html.erb within layouts/application (6.4ms)
Completed 200 OK in 34ms (Views: 31.0ms | ActiveRecord: 0.2ms)


Started GET "/" for 127.0.0.1 at 2018-09-10 13:12:42 -0700
Processing by StoreController#index as HTML
  Rendering store/index.html.erb within layouts/application
  [1m[36mProduct Load (0.2ms)[0m  [1m[34mSELECT "products".* FROM "products" ORDER BY "products"."title" ASC[0m
  ↳ app/views/store/index.html.erb:9
  Rendered store/index.html.erb within layouts/application (12.4ms)
Completed 200 OK in 62ms (Views: 57.0ms | ActiveRecord: 0.9ms)


Started POST "/line_items?product_id=1" for 127.0.0.1 at 2018-09-10 13:12:43 -0700
Processing by LineItemsController#create as HTML
  Parameters: {"authenticity_token"=>"DQzJvpyyGtEmMNP5xfFeMgMoId48XZNoh+n05sGMq3Ae6OTNzqXQt2hDFPnlg7eFMUkiHhX8CICTiFH7d5349A==", "product_id"=>"1"}
Completed 404 Not Found in 3ms (ActiveRecord: 0.5ms)


  
ActiveRecord::RecordNotFound (Couldn't find Cart without an ID):
  
app/controllers/concerns/current_cart.rb:4:in `set_cart'
Started GET "/" for 127.0.0.1 at 2018-09-10 13:14:23 -0700
Processing by StoreController#index as HTML
  Rendering store/index.html.erb within layouts/application
  [1m[36mProduct Load (0.2ms)[0m  [1m[34mSELECT "products".* FROM "products" ORDER BY "products"."title" ASC[0m
  ↳ app/views/store/index.html.erb:9
  Rendered store/index.html.erb within layouts/application (12.6ms)
Completed 200 OK in 40ms (Views: 35.5ms | ActiveRecord: 0.7ms)


Started POST "/line_items?product_id=1" for 127.0.0.1 at 2018-09-10 13:14:24 -0700
Processing by LineItemsController#create as HTML
  Parameters: {"authenticity_token"=>"nFa3zBbmo1B39+OcUVMrhn0OFADMsN9xshCC71NPr1uPspq/RPFpNjmEJJxxIcIxT28XwOURRJmmcSfy5V783w==", "product_id"=>"1"}
Completed 500 Internal Server Error in 5ms (ActiveRecord: 0.5ms)


  
NameError (uninitialized constant CurrentCart::ActiveRecod):
  
app/controllers/concerns/current_cart.rb:5:in `rescue in set_cart'
app/controllers/concerns/current_cart.rb:3:in `set_cart'
Started GET "/" for 127.0.0.1 at 2018-09-10 13:14:38 -0700
Processing by StoreController#index as HTML
  Rendering store/index.html.erb within layouts/application
  [1m[36mProduct Load (0.2ms)[0m  [1m[34mSELECT "products".* FROM "products" ORDER BY "products"."title" ASC[0m
  ↳ app/views/store/index.html.erb:9
  Rendered store/index.html.erb within layouts/application (12.8ms)
Completed 200 OK in 40ms (Views: 35.1ms | ActiveRecord: 0.8ms)


Started POST "/line_items?product_id=1" for 127.0.0.1 at 2018-09-10 13:14:39 -0700
Processing by LineItemsController#create as HTML
  Parameters: {"authenticity_token"=>"YiydHXEfu1Wa+HHe5OkZvb0/EfrifYL+2B1IREitNCZxyLBuIwhxM9SLtt7Em/AKj14SOsvcGRbMfO1Z/rxnog==", "product_id"=>"1"}
  [1m[35m (0.0ms)[0m  [1m[36mbegin transaction[0m
  ↳ app/controllers/concerns/current_cart.rb:6
  [1m[36mCart Create (1.0ms)[0m  [1m[32mINSERT INTO "carts" ("created_at", "updated_at") VALUES (?, ?)[0m  [["created_at", "2018-09-10 20:14:39.573618"], ["updated_at", "2018-09-10 20:14:39.573618"]]
  ↳ app/controllers/concerns/current_cart.rb:6
  [1m[35m (0.8ms)[0m  [1m[36mcommit transaction[0m
  ↳ app/controllers/concerns/current_cart.rb:6
  [1m[36mProduct Load (0.1ms)[0m  [1m[34mSELECT  "products".* FROM "products" WHERE "products"."id" = ? LIMIT ?[0m  [["id", 1], ["LIMIT", 1]]
  ↳ app/controllers/line_items_controller.rb:29
  [1m[35m (0.1ms)[0m  [1m[36mbegin transaction[0m
  ↳ app/controllers/line_items_controller.rb:33
  [1m[36mLineItem Create (0.4ms)[0m  [1m[32mINSERT INTO "line_items" ("product_id", "cart_id", "created_at", "updated_at") VALUES (?, ?, ?, ?)[0m  [["product_id", 1], ["cart_id", 1], ["created_at", "2018-09-10 20:14:39.607217"], ["updated_at", "2018-09-10 20:14:39.607217"]]
  ↳ app/controllers/line_items_controller.rb:33
  [1m[35m (0.8ms)[0m  [1m[36mcommit transaction[0m
  ↳ app/controllers/line_items_controller.rb:33
Redirected to http://localhost:3000/carts/1
Completed 302 Found in 42ms (ActiveRecord: 4.1ms)


Started GET "/carts/1" for 127.0.0.1 at 2018-09-10 13:14:39 -0700
Processing by CartsController#show as HTML
  Parameters: {"id"=>"1"}
  [1m[36mCart Load (0.1ms)[0m  [1m[34mSELECT  "carts".* FROM "carts" WHERE "carts"."id" = ? LIMIT ?[0m  [["id", 1], ["LIMIT", 1]]
  ↳ app/controllers/carts_controller.rb:67
  Rendering carts/show.html.erb within layouts/application
  [1m[36mLineItem Load (0.1ms)[0m  [1m[34mSELECT "line_items".* FROM "line_items" WHERE "line_items"."cart_id" = ?[0m  [["cart_id", 1]]
  ↳ app/views/carts/show.html.erb:6
  [1m[36mProduct Load (0.1ms)[0m  [1m[34mSELECT  "products".* FROM "products" WHERE "products"."id" = ? LIMIT ?[0m  [["id", 1], ["LIMIT", 1]]
  ↳ app/views/carts/show.html.erb:7
  Rendered carts/show.html.erb within layouts/application (2.6ms)
Completed 200 OK in 31ms (Views: 27.6ms | ActiveRecord: 0.4ms)


Started GET "/" for 127.0.0.1 at 2018-09-10 13:14:51 -0700
Processing by StoreController#index as HTML
  Rendering store/index.html.erb within layouts/application
  [1m[36mProduct Load (0.2ms)[0m  [1m[34mSELECT "products".* FROM "products" ORDER BY "products"."title" ASC[0m
  ↳ app/views/store/index.html.erb:9
  Rendered store/index.html.erb within layouts/application (5.7ms)
Completed 200 OK in 41ms (Views: 38.1ms | ActiveRecord: 0.2ms)


Started POST "/line_items?product_id=3" for 127.0.0.1 at 2018-09-10 13:14:55 -0700
Processing by LineItemsController#create as HTML
  Parameters: {"authenticity_token"=>"0gxDrARiVWWclVznqfLob8OGh5h1kC/L0u7gWLHW8R6JsGfiBBSO5y2f/VMgW2UV6DCxWKqE6HojI8qJgnd4fw==", "product_id"=>"3"}
  [1m[36mCart Load (0.1ms)[0m  [1m[34mSELECT  "carts".* FROM "carts" WHERE "carts"."id" = ? LIMIT ?[0m  [["id", 1], ["LIMIT", 1]]
  ↳ app/controllers/concerns/current_cart.rb:4
  [1m[36mProduct Load (0.1ms)[0m  [1m[34mSELECT  "products".* FROM "products" WHERE "products"."id" = ? LIMIT ?[0m  [["id", 3], ["LIMIT", 1]]
  ↳ app/controllers/line_items_controller.rb:29
  [1m[35m (0.0ms)[0m  [1m[36mbegin transaction[0m
  ↳ app/controllers/line_items_controller.rb:33
  [1m[36mLineItem Create (0.4ms)[0m  [1m[32mINSERT INTO "line_items" ("product_id", "cart_id", "created_at", "updated_at") VALUES (?, ?, ?, ?)[0m  [["product_id", 3], ["cart_id", 1], ["created_at", "2018-09-10 20:14:55.649900"], ["updated_at", "2018-09-10 20:14:55.649900"]]
  ↳ app/controllers/line_items_controller.rb:33
  [1m[35m (1.3ms)[0m  [1m[36mcommit transaction[0m
  ↳ app/controllers/line_items_controller.rb:33
Redirected to http://localhost:3000/carts/1
Completed 302 Found in 6ms (ActiveRecord: 2.0ms)


Started GET "/carts/1" for 127.0.0.1 at 2018-09-10 13:14:55 -0700
Processing by CartsController#show as HTML
  Parameters: {"id"=>"1"}
  [1m[36mCart Load (0.1ms)[0m  [1m[34mSELECT  "carts".* FROM "carts" WHERE "carts"."id" = ? LIMIT ?[0m  [["id", 1], ["LIMIT", 1]]
  ↳ app/controllers/carts_controller.rb:67
  Rendering carts/show.html.erb within layouts/application
  [1m[36mLineItem Load (0.1ms)[0m  [1m[34mSELECT "line_items".* FROM "line_items" WHERE "line_items"."cart_id" = ?[0m  [["cart_id", 1]]
  ↳ app/views/carts/show.html.erb:6
  [1m[36mProduct Load (0.1ms)[0m  [1m[34mSELECT  "products".* FROM "products" WHERE "products"."id" = ? LIMIT ?[0m  [["id", 1], ["LIMIT", 1]]
  ↳ app/views/carts/show.html.erb:7
  [1m[36mProduct Load (0.1ms)[0m  [1m[34mSELECT  "products".* FROM "products" WHERE "products"."id" = ? LIMIT ?[0m  [["id", 3], ["LIMIT", 1]]
  ↳ app/views/carts/show.html.erb:7
  Rendered carts/show.html.erb within layouts/application (2.6ms)
Completed 200 OK in 29ms (Views: 26.2ms | ActiveRecord: 0.4ms)


Started GET "/" for 127.0.0.1 at 2018-09-10 13:41:26 -0700
  
SyntaxError (/Users/rubythree/Desktop/depot/app/controllers/store_controller.rb:10: syntax error, unexpected end-of-input, expecting keyword_end):
  
app/controllers/store_controller.rb:10: syntax error, unexpected end-of-input, expecting keyword_end
Started GET "/" for 127.0.0.1 at 2018-09-10 13:41:37 -0700
  
SyntaxError (/Users/rubythree/Desktop/depot/app/controllers/store_controller.rb:9: syntax error, unexpected end-of-input, expecting keyword_end):
  
app/controllers/store_controller.rb:9: syntax error, unexpected end-of-input, expecting keyword_end
Started GET "/" for 127.0.0.1 at 2018-09-10 13:42:03 -0700
Processing by StoreController#index as HTML
  Rendering store/index.html.erb within layouts/application
  [1m[36mProduct Load (0.2ms)[0m  [1m[34mSELECT "products".* FROM "products" ORDER BY "products"."title" ASC[0m
  ↳ app/views/store/index.html.erb:10
  Rendered store/index.html.erb within layouts/application (12.9ms)
Completed 200 OK in 42ms (Views: 36.3ms | ActiveRecord: 0.7ms)


Started GET "/" for 127.0.0.1 at 2018-09-10 13:42:05 -0700
Processing by StoreController#index as HTML
  Rendering store/index.html.erb within layouts/application
  [1m[36mProduct Load (0.2ms)[0m  [1m[34mSELECT "products".* FROM "products" ORDER BY "products"."title" ASC[0m
  ↳ app/views/store/index.html.erb:10
  Rendered store/index.html.erb within layouts/application (5.5ms)
Completed 200 OK in 30ms (Views: 28.2ms | ActiveRecord: 0.2ms)


Started GET "/" for 127.0.0.1 at 2018-09-10 13:42:07 -0700
Processing by StoreController#index as HTML
  Rendering store/index.html.erb within layouts/application
  [1m[36mProduct Load (0.2ms)[0m  [1m[34mSELECT "products".* FROM "products" ORDER BY "products"."title" ASC[0m
  ↳ app/views/store/index.html.erb:10
  Rendered store/index.html.erb within layouts/application (6.2ms)
Completed 200 OK in 32ms (Views: 29.6ms | ActiveRecord: 0.2ms)


Started GET "/" for 127.0.0.1 at 2018-09-10 13:42:09 -0700
Processing by StoreController#index as HTML
  Rendering store/index.html.erb within layouts/application
  [1m[36mProduct Load (0.2ms)[0m  [1m[34mSELECT "products".* FROM "products" ORDER BY "products"."title" ASC[0m
  ↳ app/views/store/index.html.erb:10
  Rendered store/index.html.erb within layouts/application (12.3ms)
Completed 200 OK in 37ms (Views: 35.0ms | ActiveRecord: 0.2ms)


Started GET "/" for 127.0.0.1 at 2018-09-10 13:42:22 -0700
Processing by StoreController#index as HTML
  Rendering store/index.html.erb within layouts/application
  [1m[36mProduct Load (0.2ms)[0m  [1m[34mSELECT "products".* FROM "products" ORDER BY "products"."title" ASC[0m
  ↳ app/views/store/index.html.erb:10
  Rendered store/index.html.erb within layouts/application (5.7ms)
Completed 200 OK in 30ms (Views: 27.5ms | ActiveRecord: 0.2ms)


Started GET "/" for 127.0.0.1 at 2018-09-10 13:42:37 -0700
Processing by StoreController#index as HTML
  Rendering store/index.html.erb within layouts/application
  [1m[36mProduct Load (0.2ms)[0m  [1m[34mSELECT "products".* FROM "products" ORDER BY "products"."title" ASC[0m
  ↳ app/views/store/index.html.erb:10
  Rendered store/index.html.erb within layouts/application (12.3ms)
Completed 200 OK in 42ms (Views: 36.4ms | ActiveRecord: 0.7ms)


Started GET "/" for 127.0.0.1 at 2018-09-10 13:42:39 -0700
Processing by StoreController#index as HTML
  Rendering store/index.html.erb within layouts/application
  [1m[36mProduct Load (0.2ms)[0m  [1m[34mSELECT "products".* FROM "products" ORDER BY "products"."title" ASC[0m
  ↳ app/views/store/index.html.erb:10
  Rendered store/index.html.erb within layouts/application (6.1ms)
Completed 200 OK in 31ms (Views: 29.1ms | ActiveRecord: 0.2ms)


Started GET "/" for 127.0.0.1 at 2018-09-10 13:42:41 -0700
Processing by StoreController#index as HTML
  Rendering store/index.html.erb within layouts/application
  [1m[36mProduct Load (0.2ms)[0m  [1m[34mSELECT "products".* FROM "products" ORDER BY "products"."title" ASC[0m
  ↳ app/views/store/index.html.erb:10
  Rendered store/index.html.erb within layouts/application (11.5ms)
Completed 200 OK in 36ms (Views: 33.6ms | ActiveRecord: 0.2ms)


Started GET "/" for 127.0.0.1 at 2018-09-10 13:42:43 -0700
Processing by StoreController#index as HTML
  Rendering store/index.html.erb within layouts/application
  [1m[36mProduct Load (0.2ms)[0m  [1m[34mSELECT "products".* FROM "products" ORDER BY "products"."title" ASC[0m
  ↳ app/views/store/index.html.erb:10
  Rendered store/index.html.erb within layouts/application (5.4ms)
Completed 200 OK in 29ms (Views: 26.8ms | ActiveRecord: 0.2ms)


Started GET "/" for 127.0.0.1 at 2018-09-10 13:44:30 -0700
Processing by StoreController#index as HTML
  Rendering store/index.html.erb within layouts/application
  [1m[36mProduct Load (0.2ms)[0m  [1m[34mSELECT "products".* FROM "products" ORDER BY "products"."title" ASC[0m
  ↳ app/views/store/index.html.erb:10
  Rendered store/index.html.erb within layouts/application (12.5ms)
Completed 200 OK in 39ms (Views: 34.6ms | ActiveRecord: 0.7ms)


Started POST "/line_items?product_id=1" for 127.0.0.1 at 2018-09-10 13:44:32 -0700
Processing by LineItemsController#create as HTML
  Parameters: {"authenticity_token"=>"U0v1JdQuJ6LgApLEUBXyQSM96TOOkHZVD/9s1Ib/Vv5Ar9hWhjntxK5xVcRwZxv2EVzq86cx7b0bnsnJMO4Feg==", "product_id"=>"1"}
  [1m[36mCart Load (0.1ms)[0m  [1m[34mSELECT  "carts".* FROM "carts" WHERE "carts"."id" = ? LIMIT ?[0m  [["id", 1], ["LIMIT", 1]]
  ↳ app/controllers/concerns/current_cart.rb:4
  [1m[36mProduct Load (0.2ms)[0m  [1m[34mSELECT  "products".* FROM "products" WHERE "products"."id" = ? LIMIT ?[0m  [["id", 1], ["LIMIT", 1]]
  ↳ app/controllers/line_items_controller.rb:29
  [1m[35m (0.0ms)[0m  [1m[36mbegin transaction[0m
  ↳ app/controllers/line_items_controller.rb:33
  [1m[36mLineItem Create (0.4ms)[0m  [1m[32mINSERT INTO "line_items" ("product_id", "cart_id", "created_at", "updated_at") VALUES (?, ?, ?, ?)[0m  [["product_id", 1], ["cart_id", 1], ["created_at", "2018-09-10 20:44:32.311591"], ["updated_at", "2018-09-10 20:44:32.311591"]]
  ↳ app/controllers/line_items_controller.rb:33
  [1m[35m (1.1ms)[0m  [1m[36mcommit transaction[0m
  ↳ app/controllers/line_items_controller.rb:33
Redirected to http://localhost:3000/carts/1
Completed 302 Found in 18ms (ActiveRecord: 2.7ms)


Started GET "/carts/1" for 127.0.0.1 at 2018-09-10 13:44:32 -0700
Processing by CartsController#show as HTML
  Parameters: {"id"=>"1"}
  [1m[36mCart Load (0.1ms)[0m  [1m[34mSELECT  "carts".* FROM "carts" WHERE "carts"."id" = ? LIMIT ?[0m  [["id", 1], ["LIMIT", 1]]
  ↳ app/controllers/carts_controller.rb:67
  Rendering carts/show.html.erb within layouts/application
  [1m[36mLineItem Load (0.2ms)[0m  [1m[34mSELECT "line_items".* FROM "line_items" WHERE "line_items"."cart_id" = ?[0m  [["cart_id", 1]]
  ↳ app/views/carts/show.html.erb:6
  [1m[36mProduct Load (0.1ms)[0m  [1m[34mSELECT  "products".* FROM "products" WHERE "products"."id" = ? LIMIT ?[0m  [["id", 1], ["LIMIT", 1]]
  ↳ app/views/carts/show.html.erb:7
  [1m[36mProduct Load (0.1ms)[0m  [1m[34mSELECT  "products".* FROM "products" WHERE "products"."id" = ? LIMIT ?[0m  [["id", 3], ["LIMIT", 1]]
  ↳ app/views/carts/show.html.erb:7
  [1m[36mCACHE Product Load (0.0ms)[0m  [1m[34mSELECT  "products".* FROM "products" WHERE "products"."id" = ? LIMIT ?[0m  [["id", 1], ["LIMIT", 1]]
  ↳ app/views/carts/show.html.erb:7
  Rendered carts/show.html.erb within layouts/application (4.3ms)
Completed 200 OK in 37ms (Views: 34.1ms | ActiveRecord: 0.5ms)


Started GET "/" for 127.0.0.1 at 2018-09-10 13:44:34 -0700
Processing by StoreController#index as HTML
  Rendering store/index.html.erb within layouts/application
  [1m[36mProduct Load (0.2ms)[0m  [1m[34mSELECT "products".* FROM "products" ORDER BY "products"."title" ASC[0m
  ↳ app/views/store/index.html.erb:10
  Rendered store/index.html.erb within layouts/application (6.5ms)
Completed 200 OK in 34ms (Views: 31.6ms | ActiveRecord: 0.2ms)


Started GET "/" for 127.0.0.1 at 2018-09-10 13:49:40 -0700
Processing by StoreController#index as HTML
  Rendering store/index.html.erb within layouts/application
  [1m[36mProduct Load (0.2ms)[0m  [1m[34mSELECT "products".* FROM "products" ORDER BY "products"."title" ASC[0m
  ↳ app/views/store/index.html.erb:12
  Rendered store/index.html.erb within layouts/application (5.8ms)
Completed 200 OK in 32ms (Views: 29.7ms | ActiveRecord: 0.2ms)


Started GET "/" for 127.0.0.1 at 2018-09-10 13:49:42 -0700
Processing by StoreController#index as HTML
  Rendering store/index.html.erb within layouts/application
  [1m[36mProduct Load (0.2ms)[0m  [1m[34mSELECT "products".* FROM "products" ORDER BY "products"."title" ASC[0m
  ↳ app/views/store/index.html.erb:12
  Rendered store/index.html.erb within layouts/application (5.7ms)
Completed 200 OK in 30ms (Views: 27.9ms | ActiveRecord: 0.2ms)


Started GET "/" for 127.0.0.1 at 2018-09-10 13:49:44 -0700
Processing by StoreController#index as HTML
  Rendering store/index.html.erb within layouts/application
  [1m[36mProduct Load (0.2ms)[0m  [1m[34mSELECT "products".* FROM "products" ORDER BY "products"."title" ASC[0m
  ↳ app/views/store/index.html.erb:12
  Rendered store/index.html.erb within layouts/application (6.0ms)
Completed 200 OK in 36ms (Views: 34.0ms | ActiveRecord: 0.2ms)


Started GET "/" for 127.0.0.1 at 2018-09-10 13:49:46 -0700
Processing by StoreController#index as HTML
  Rendering store/index.html.erb within layouts/application
  [1m[36mProduct Load (0.2ms)[0m  [1m[34mSELECT "products".* FROM "products" ORDER BY "products"."title" ASC[0m
  ↳ app/views/store/index.html.erb:12
  Rendered store/index.html.erb within layouts/application (5.4ms)
Completed 200 OK in 30ms (Views: 27.8ms | ActiveRecord: 0.2ms)


Started GET "/" for 127.0.0.1 at 2018-09-10 13:49:47 -0700
Processing by StoreController#index as HTML
  Rendering store/index.html.erb within layouts/application
  [1m[36mProduct Load (0.2ms)[0m  [1m[34mSELECT "products".* FROM "products" ORDER BY "products"."title" ASC[0m
  ↳ app/views/store/index.html.erb:12
  Rendered store/index.html.erb within layouts/application (6.2ms)
Completed 200 OK in 31ms (Views: 28.8ms | ActiveRecord: 0.2ms)


